{"/Users/miguelgarciagonzalez/FULLSTACKOPEN/fullstackopen/part5/blogs_fe/src/App.jsx": {"path":"/Users/miguelgarciagonzalez/FULLSTACKOPEN/fullstackopen/part5/blogs_fe/src/App.jsx","statementMap":{"0":{"start":{"line":8,"column":12},"end":{"line":176,"column":1}},"1":{"start":{"line":9,"column":32},"end":{"line":9,"column":75}},"2":{"start":{"line":10,"column":28},"end":{"line":10,"column":40}},"3":{"start":{"line":11,"column":34},"end":{"line":11,"column":46}},"4":{"start":{"line":12,"column":34},"end":{"line":12,"column":46}},"5":{"start":{"line":13,"column":26},"end":{"line":13,"column":40}},"6":{"start":{"line":15,"column":18},"end":{"line":15,"column":26}},"7":{"start":{"line":17,"column":22},"end":{"line":17,"column":30}},"8":{"start":{"line":19,"column":2},"end":{"line":26,"column":9}},"9":{"start":{"line":20,"column":27},"end":{"line":20,"column":75}},"10":{"start":{"line":21,"column":4},"end":{"line":25,"column":5}},"11":{"start":{"line":22,"column":19},"end":{"line":22,"column":45}},"12":{"start":{"line":23,"column":6},"end":{"line":23,"column":20}},"13":{"start":{"line":24,"column":6},"end":{"line":24,"column":39}},"14":{"start":{"line":28,"column":2},"end":{"line":32,"column":9}},"15":{"start":{"line":29,"column":4},"end":{"line":31,"column":7}},"16":{"start":{"line":30,"column":6},"end":{"line":30,"column":34}},"17":{"start":{"line":34,"column":21},"end":{"line":36,"column":3}},"18":{"start":{"line":35,"column":4},"end":{"line":35,"column":51}},"19":{"start":{"line":35,"column":32},"end":{"line":35,"column":49}},"20":{"start":{"line":38,"column":22},"end":{"line":59,"column":3}},"21":{"start":{"line":39,"column":4},"end":{"line":39,"column":27}},"22":{"start":{"line":41,"column":4},"end":{"line":58,"column":5}},"23":{"start":{"line":42,"column":19},"end":{"line":45,"column":8}},"24":{"start":{"line":47,"column":6},"end":{"line":47,"column":77}},"25":{"start":{"line":49,"column":6},"end":{"line":49,"column":39}},"26":{"start":{"line":50,"column":6},"end":{"line":50,"column":20}},"27":{"start":{"line":51,"column":6},"end":{"line":51,"column":22}},"28":{"start":{"line":52,"column":6},"end":{"line":52,"column":22}},"29":{"start":{"line":54,"column":6},"end":{"line":54,"column":74}},"30":{"start":{"line":55,"column":6},"end":{"line":57,"column":15}},"31":{"start":{"line":56,"column":8},"end":{"line":56,"column":25}},"32":{"start":{"line":61,"column":18},"end":{"line":82,"column":3}},"33":{"start":{"line":62,"column":4},"end":{"line":81,"column":5}},"34":{"start":{"line":63,"column":6},"end":{"line":63,"column":45}},"35":{"start":{"line":64,"column":22},"end":{"line":64,"column":58}},"36":{"start":{"line":65,"column":28},"end":{"line":65,"column":64}},"37":{"start":{"line":66,"column":6},"end":{"line":66,"column":44}},"38":{"start":{"line":67,"column":6},"end":{"line":67,"column":51}},"39":{"start":{"line":69,"column":6},"end":{"line":72,"column":9}},"40":{"start":{"line":73,"column":6},"end":{"line":75,"column":15}},"41":{"start":{"line":74,"column":8},"end":{"line":74,"column":25}},"42":{"start":{"line":77,"column":6},"end":{"line":77,"column":65}},"43":{"start":{"line":78,"column":6},"end":{"line":80,"column":15}},"44":{"start":{"line":79,"column":8},"end":{"line":79,"column":25}},"45":{"start":{"line":84,"column":21},"end":{"line":89,"column":3}},"46":{"start":{"line":85,"column":24},"end":{"line":85,"column":60}},"47":{"start":{"line":86,"column":4},"end":{"line":88,"column":5}},"48":{"start":{"line":87,"column":6},"end":{"line":87,"column":50}},"49":{"start":{"line":91,"column":21},"end":{"line":110,"column":3}},"50":{"start":{"line":92,"column":4},"end":{"line":109,"column":5}},"51":{"start":{"line":93,"column":6},"end":{"line":103,"column":7}},"52":{"start":{"line":94,"column":8},"end":{"line":94,"column":42}},"53":{"start":{"line":95,"column":8},"end":{"line":95,"column":56}},"54":{"start":{"line":95,"column":37},"end":{"line":95,"column":53}},"55":{"start":{"line":96,"column":8},"end":{"line":99,"column":11}},"56":{"start":{"line":100,"column":8},"end":{"line":102,"column":17}},"57":{"start":{"line":101,"column":10},"end":{"line":101,"column":27}},"58":{"start":{"line":105,"column":6},"end":{"line":105,"column":67}},"59":{"start":{"line":106,"column":6},"end":{"line":108,"column":15}},"60":{"start":{"line":107,"column":8},"end":{"line":107,"column":25}},"61":{"start":{"line":112,"column":20},"end":{"line":134,"column":3}},"62":{"start":{"line":113,"column":4},"end":{"line":133,"column":11}},"63":{"start":{"line":120,"column":36},"end":{"line":120,"column":61}},"64":{"start":{"line":129,"column":36},"end":{"line":129,"column":61}},"65":{"start":{"line":136,"column":23},"end":{"line":139,"column":3}},"66":{"start":{"line":137,"column":4},"end":{"line":137,"column":56}},"67":{"start":{"line":138,"column":4},"end":{"line":138,"column":18}},"68":{"start":{"line":141,"column":19},"end":{"line":143,"column":3}},"69":{"start":{"line":142,"column":4},"end":{"line":142,"column":45}},"70":{"start":{"line":145,"column":2},"end":{"line":175,"column":4}},"71":{"start":{"line":163,"column":12},"end":{"line":170,"column":14}},"72":{"start":{"line":178,"column":21},"end":{"line":194,"column":1}},"73":{"start":{"line":179,"column":28},"end":{"line":187,"column":3}},"74":{"start":{"line":189,"column":2},"end":{"line":191,"column":3}},"75":{"start":{"line":190,"column":4},"end":{"line":190,"column":16}},"76":{"start":{"line":193,"column":2},"end":{"line":193,"column":56}}},"fnMap":{"0":{"name":"(anonymous_0)","decl":{"start":{"line":8,"column":12},"end":{"line":8,"column":13}},"loc":{"start":{"line":8,"column":18},"end":{"line":176,"column":1}},"line":8},"1":{"name":"(anonymous_1)","decl":{"start":{"line":19,"column":12},"end":{"line":19,"column":13}},"loc":{"start":{"line":19,"column":18},"end":{"line":26,"column":3}},"line":19},"2":{"name":"(anonymous_2)","decl":{"start":{"line":28,"column":12},"end":{"line":28,"column":13}},"loc":{"start":{"line":28,"column":18},"end":{"line":32,"column":3}},"line":28},"3":{"name":"(anonymous_3)","decl":{"start":{"line":29,"column":30},"end":{"line":29,"column":31}},"loc":{"start":{"line":29,"column":41},"end":{"line":31,"column":5}},"line":29},"4":{"name":"(anonymous_4)","decl":{"start":{"line":34,"column":21},"end":{"line":34,"column":22}},"loc":{"start":{"line":34,"column":32},"end":{"line":36,"column":3}},"line":34},"5":{"name":"(anonymous_5)","decl":{"start":{"line":35,"column":22},"end":{"line":35,"column":23}},"loc":{"start":{"line":35,"column":32},"end":{"line":35,"column":49}},"line":35},"6":{"name":"(anonymous_6)","decl":{"start":{"line":38,"column":22},"end":{"line":38,"column":23}},"loc":{"start":{"line":38,"column":39},"end":{"line":59,"column":3}},"line":38},"7":{"name":"(anonymous_7)","decl":{"start":{"line":55,"column":17},"end":{"line":55,"column":18}},"loc":{"start":{"line":55,"column":23},"end":{"line":57,"column":7}},"line":55},"8":{"name":"(anonymous_8)","decl":{"start":{"line":61,"column":18},"end":{"line":61,"column":19}},"loc":{"start":{"line":61,"column":40},"end":{"line":82,"column":3}},"line":61},"9":{"name":"(anonymous_9)","decl":{"start":{"line":73,"column":17},"end":{"line":73,"column":18}},"loc":{"start":{"line":73,"column":23},"end":{"line":75,"column":7}},"line":73},"10":{"name":"(anonymous_10)","decl":{"start":{"line":78,"column":17},"end":{"line":78,"column":18}},"loc":{"start":{"line":78,"column":23},"end":{"line":80,"column":7}},"line":78},"11":{"name":"(anonymous_11)","decl":{"start":{"line":84,"column":21},"end":{"line":84,"column":22}},"loc":{"start":{"line":84,"column":43},"end":{"line":89,"column":3}},"line":84},"12":{"name":"(anonymous_12)","decl":{"start":{"line":91,"column":21},"end":{"line":91,"column":22}},"loc":{"start":{"line":91,"column":37},"end":{"line":110,"column":3}},"line":91},"13":{"name":"(anonymous_13)","decl":{"start":{"line":95,"column":30},"end":{"line":95,"column":31}},"loc":{"start":{"line":95,"column":37},"end":{"line":95,"column":53}},"line":95},"14":{"name":"(anonymous_14)","decl":{"start":{"line":100,"column":19},"end":{"line":100,"column":20}},"loc":{"start":{"line":100,"column":25},"end":{"line":102,"column":9}},"line":100},"15":{"name":"(anonymous_15)","decl":{"start":{"line":106,"column":17},"end":{"line":106,"column":18}},"loc":{"start":{"line":106,"column":23},"end":{"line":108,"column":7}},"line":106},"16":{"name":"(anonymous_16)","decl":{"start":{"line":112,"column":20},"end":{"line":112,"column":21}},"loc":{"start":{"line":113,"column":4},"end":{"line":133,"column":11}},"line":113},"17":{"name":"(anonymous_17)","decl":{"start":{"line":120,"column":20},"end":{"line":120,"column":21}},"loc":{"start":{"line":120,"column":36},"end":{"line":120,"column":61}},"line":120},"18":{"name":"(anonymous_18)","decl":{"start":{"line":129,"column":20},"end":{"line":129,"column":21}},"loc":{"start":{"line":129,"column":36},"end":{"line":129,"column":61}},"line":129},"19":{"name":"(anonymous_19)","decl":{"start":{"line":136,"column":23},"end":{"line":136,"column":24}},"loc":{"start":{"line":136,"column":29},"end":{"line":139,"column":3}},"line":136},"20":{"name":"(anonymous_20)","decl":{"start":{"line":141,"column":19},"end":{"line":141,"column":20}},"loc":{"start":{"line":141,"column":25},"end":{"line":143,"column":3}},"line":141},"21":{"name":"(anonymous_21)","decl":{"start":{"line":162,"column":21},"end":{"line":162,"column":22}},"loc":{"start":{"line":163,"column":12},"end":{"line":170,"column":14}},"line":163},"22":{"name":"(anonymous_22)","decl":{"start":{"line":178,"column":21},"end":{"line":178,"column":22}},"loc":{"start":{"line":178,"column":45},"end":{"line":194,"column":1}},"line":178}},"branchMap":{"0":{"loc":{"start":{"line":21,"column":4},"end":{"line":25,"column":5}},"type":"if","locations":[{"start":{"line":21,"column":4},"end":{"line":25,"column":5}},{"start":{},"end":{}}],"line":21},"1":{"loc":{"start":{"line":86,"column":4},"end":{"line":88,"column":5}},"type":"if","locations":[{"start":{"line":86,"column":4},"end":{"line":88,"column":5}},{"start":{},"end":{}}],"line":86},"2":{"loc":{"start":{"line":93,"column":6},"end":{"line":103,"column":7}},"type":"if","locations":[{"start":{"line":93,"column":6},"end":{"line":103,"column":7}},{"start":{},"end":{}}],"line":93},"3":{"loc":{"start":{"line":148,"column":7},"end":{"line":150,"column":14}},"type":"cond-expr","locations":[{"start":{"line":149,"column":8},"end":{"line":149,"column":72}},{"start":{"line":150,"column":10},"end":{"line":150,"column":14}}],"line":148},"4":{"loc":{"start":{"line":151,"column":7},"end":{"line":151,"column":27}},"type":"binary-expr","locations":[{"start":{"line":151,"column":7},"end":{"line":151,"column":12}},{"start":{"line":151,"column":16},"end":{"line":151,"column":27}}],"line":151},"5":{"loc":{"start":{"line":152,"column":7},"end":{"line":173,"column":7}},"type":"binary-expr","locations":[{"start":{"line":152,"column":7},"end":{"line":152,"column":11}},{"start":{"line":153,"column":8},"end":{"line":172,"column":14}}],"line":152},"6":{"loc":{"start":{"line":189,"column":2},"end":{"line":191,"column":3}},"type":"if","locations":[{"start":{"line":189,"column":2},"end":{"line":191,"column":3}},{"start":{},"end":{}}],"line":189}},"s":{"0":0,"1":0,"2":0,"3":0,"4":0,"5":0,"6":0,"7":0,"8":0,"9":0,"10":0,"11":0,"12":0,"13":0,"14":0,"15":0,"16":0,"17":0,"18":0,"19":0,"20":0,"21":0,"22":0,"23":0,"24":0,"25":0,"26":0,"27":0,"28":0,"29":0,"30":0,"31":0,"32":0,"33":0,"34":0,"35":0,"36":0,"37":0,"38":0,"39":0,"40":0,"41":0,"42":0,"43":0,"44":0,"45":0,"46":0,"47":0,"48":0,"49":0,"50":0,"51":0,"52":0,"53":0,"54":0,"55":0,"56":0,"57":0,"58":0,"59":0,"60":0,"61":0,"62":0,"63":0,"64":0,"65":0,"66":0,"67":0,"68":0,"69":0,"70":0,"71":0,"72":0,"73":0,"74":0,"75":0,"76":0},"f":{"0":0,"1":0,"2":0,"3":0,"4":0,"5":0,"6":0,"7":0,"8":0,"9":0,"10":0,"11":0,"12":0,"13":0,"14":0,"15":0,"16":0,"17":0,"18":0,"19":0,"20":0,"21":0,"22":0},"b":{"0":[0,0],"1":[0,0],"2":[0,0],"3":[0,0],"4":[0,0],"5":[0,0],"6":[0,0]}}
,"/Users/miguelgarciagonzalez/FULLSTACKOPEN/fullstackopen/part5/blogs_fe/src/main.jsx": {"path":"/Users/miguelgarciagonzalez/FULLSTACKOPEN/fullstackopen/part5/blogs_fe/src/main.jsx","statementMap":{"0":{"start":{"line":4,"column":0},"end":{"line":4,"column":68}}},"fnMap":{},"branchMap":{},"s":{"0":0},"f":{},"b":{}}
,"/Users/miguelgarciagonzalez/FULLSTACKOPEN/fullstackopen/part5/blogs_fe/src/components/Blog.jsx": {"path":"/Users/miguelgarciagonzalez/FULLSTACKOPEN/fullstackopen/part5/blogs_fe/src/components/Blog.jsx","statementMap":{"0":{"start":{"line":4,"column":13},"end":{"line":69,"column":1}},"1":{"start":{"line":6,"column":48},"end":{"line":6,"column":63}},"2":{"start":{"line":7,"column":30},"end":{"line":7,"column":50}},"3":{"start":{"line":9,"column":22},"end":{"line":15,"column":5}},"4":{"start":{"line":17,"column":29},"end":{"line":19,"column":5}},"5":{"start":{"line":18,"column":6},"end":{"line":18,"column":40}},"6":{"start":{"line":21,"column":4},"end":{"line":25,"column":6}},"7":{"start":{"line":22,"column":6},"end":{"line":24,"column":7}},"8":{"start":{"line":27,"column":23},"end":{"line":35,"column":5}},"9":{"start":{"line":28,"column":6},"end":{"line":34,"column":8}},"10":{"start":{"line":37,"column":25},"end":{"line":39,"column":5}},"11":{"start":{"line":38,"column":6},"end":{"line":38,"column":28}},"12":{"start":{"line":41,"column":4},"end":{"line":67,"column":5}},"13":{"start":{"line":71,"column":0},"end":{"line":76,"column":1}}},"fnMap":{"0":{"name":"(anonymous_0)","decl":{"start":{"line":5,"column":2},"end":{"line":5,"column":3}},"loc":{"start":{"line":5,"column":67},"end":{"line":68,"column":3}},"line":5},"1":{"name":"(anonymous_1)","decl":{"start":{"line":17,"column":29},"end":{"line":17,"column":30}},"loc":{"start":{"line":17,"column":35},"end":{"line":19,"column":5}},"line":17},"2":{"name":"(anonymous_2)","decl":{"start":{"line":21,"column":30},"end":{"line":21,"column":31}},"loc":{"start":{"line":21,"column":36},"end":{"line":25,"column":5}},"line":21},"3":{"name":"(anonymous_3)","decl":{"start":{"line":27,"column":23},"end":{"line":27,"column":24}},"loc":{"start":{"line":27,"column":35},"end":{"line":35,"column":5}},"line":27},"4":{"name":"(anonymous_4)","decl":{"start":{"line":37,"column":25},"end":{"line":37,"column":26}},"loc":{"start":{"line":37,"column":37},"end":{"line":39,"column":5}},"line":37}},"branchMap":{"0":{"loc":{"start":{"line":47,"column":15},"end":{"line":47,"column":47}},"type":"cond-expr","locations":[{"start":{"line":47,"column":32},"end":{"line":47,"column":38}},{"start":{"line":47,"column":41},"end":{"line":47,"column":47}}],"line":47},"1":{"loc":{"start":{"line":51,"column":30},"end":{"line":51,"column":58}},"type":"cond-expr","locations":[{"start":{"line":51,"column":47},"end":{"line":51,"column":49}},{"start":{"line":51,"column":52},"end":{"line":51,"column":58}}],"line":51},"2":{"loc":{"start":{"line":58,"column":13},"end":{"line":58,"column":59}},"type":"cond-expr","locations":[{"start":{"line":58,"column":25},"end":{"line":58,"column":52}},{"start":{"line":58,"column":55},"end":{"line":58,"column":59}}],"line":58},"3":{"loc":{"start":{"line":59,"column":13},"end":{"line":63,"column":20}},"type":"cond-expr","locations":[{"start":{"line":62,"column":14},"end":{"line":62,"column":60}},{"start":{"line":63,"column":16},"end":{"line":63,"column":20}}],"line":59},"4":{"loc":{"start":{"line":59,"column":13},"end":{"line":61,"column":51}},"type":"binary-expr","locations":[{"start":{"line":59,"column":13},"end":{"line":59,"column":22}},{"start":{"line":60,"column":12},"end":{"line":60,"column":31}},{"start":{"line":61,"column":12},"end":{"line":61,"column":51}}],"line":59}},"s":{"0":1,"1":4,"2":4,"3":4,"4":4,"5":1,"6":4,"7":0,"8":4,"9":0,"10":4,"11":0,"12":4,"13":1},"f":{"0":4,"1":1,"2":0,"3":0,"4":0},"b":{"0":[1,3],"1":[1,3],"2":[4,0],"3":[4,0],"4":[4,4,4]},"_coverageSchema":"1a1c01bbd47fc00a2c39e90264f33305004495a9","hash":"4bec484624f7115cb731c3dfcb1cc870583e5e7b"}
,"/Users/miguelgarciagonzalez/FULLSTACKOPEN/fullstackopen/part5/blogs_fe/src/components/BlogForm.jsx": {"path":"/Users/miguelgarciagonzalez/FULLSTACKOPEN/fullstackopen/part5/blogs_fe/src/components/BlogForm.jsx","statementMap":{"0":{"start":{"line":4,"column":17},"end":{"line":59,"column":1}},"1":{"start":{"line":5,"column":42},"end":{"line":5,"column":54}},"2":{"start":{"line":6,"column":44},"end":{"line":6,"column":56}},"3":{"start":{"line":7,"column":38},"end":{"line":7,"column":50}},"4":{"start":{"line":9,"column":18},"end":{"line":19,"column":3}},"5":{"start":{"line":10,"column":4},"end":{"line":10,"column":26}},"6":{"start":{"line":11,"column":4},"end":{"line":15,"column":6}},"7":{"start":{"line":16,"column":4},"end":{"line":16,"column":24}},"8":{"start":{"line":17,"column":4},"end":{"line":17,"column":23}},"9":{"start":{"line":18,"column":4},"end":{"line":18,"column":21}},"10":{"start":{"line":21,"column":2},"end":{"line":58,"column":3}},"11":{"start":{"line":29,"column":12},"end":{"line":29,"column":47}},"12":{"start":{"line":40,"column":12},"end":{"line":40,"column":48}},"13":{"start":{"line":51,"column":12},"end":{"line":51,"column":45}},"14":{"start":{"line":61,"column":0},"end":{"line":63,"column":1}}},"fnMap":{"0":{"name":"(anonymous_0)","decl":{"start":{"line":4,"column":17},"end":{"line":4,"column":18}},"loc":{"start":{"line":4,"column":37},"end":{"line":59,"column":1}},"line":4},"1":{"name":"(anonymous_1)","decl":{"start":{"line":9,"column":18},"end":{"line":9,"column":19}},"loc":{"start":{"line":9,"column":29},"end":{"line":19,"column":3}},"line":9},"2":{"name":"(anonymous_2)","decl":{"start":{"line":28,"column":20},"end":{"line":28,"column":21}},"loc":{"start":{"line":28,"column":31},"end":{"line":30,"column":11}},"line":28},"3":{"name":"(anonymous_3)","decl":{"start":{"line":39,"column":20},"end":{"line":39,"column":21}},"loc":{"start":{"line":39,"column":31},"end":{"line":41,"column":11}},"line":39},"4":{"name":"(anonymous_4)","decl":{"start":{"line":50,"column":20},"end":{"line":50,"column":21}},"loc":{"start":{"line":50,"column":31},"end":{"line":52,"column":11}},"line":50}},"branchMap":{},"s":{"0":1,"1":49,"2":49,"3":49,"4":49,"5":1,"6":1,"7":1,"8":1,"9":1,"10":49,"11":16,"12":17,"13":14,"14":1},"f":{"0":49,"1":1,"2":16,"3":17,"4":14},"b":{},"_coverageSchema":"1a1c01bbd47fc00a2c39e90264f33305004495a9","hash":"630a75d95cecfe35c6cc8b5ba09afff9379f1a90"}
,"/Users/miguelgarciagonzalez/FULLSTACKOPEN/fullstackopen/part5/blogs_fe/src/components/Togglable.jsx": {"path":"/Users/miguelgarciagonzalez/FULLSTACKOPEN/fullstackopen/part5/blogs_fe/src/components/Togglable.jsx","statementMap":{"0":{"start":{"line":4,"column":18},"end":{"line":31,"column":2}},"1":{"start":{"line":5,"column":32},"end":{"line":5,"column":47}},"2":{"start":{"line":7,"column":26},"end":{"line":7,"column":60}},"3":{"start":{"line":8,"column":26},"end":{"line":8,"column":60}},"4":{"start":{"line":10,"column":27},"end":{"line":12,"column":3}},"5":{"start":{"line":11,"column":4},"end":{"line":11,"column":24}},"6":{"start":{"line":14,"column":2},"end":{"line":18,"column":4}},"7":{"start":{"line":15,"column":4},"end":{"line":17,"column":5}},"8":{"start":{"line":20,"column":2},"end":{"line":30,"column":3}},"9":{"start":{"line":33,"column":0},"end":{"line":35,"column":1}}},"fnMap":{"0":{"name":"(anonymous_0)","decl":{"start":{"line":4,"column":29},"end":{"line":4,"column":30}},"loc":{"start":{"line":4,"column":46},"end":{"line":31,"column":1}},"line":4},"1":{"name":"(anonymous_1)","decl":{"start":{"line":10,"column":27},"end":{"line":10,"column":28}},"loc":{"start":{"line":10,"column":33},"end":{"line":12,"column":3}},"line":10},"2":{"name":"(anonymous_2)","decl":{"start":{"line":14,"column":28},"end":{"line":14,"column":29}},"loc":{"start":{"line":14,"column":34},"end":{"line":18,"column":3}},"line":14}},"branchMap":{"0":{"loc":{"start":{"line":7,"column":37},"end":{"line":7,"column":58}},"type":"cond-expr","locations":[{"start":{"line":7,"column":47},"end":{"line":7,"column":53}},{"start":{"line":7,"column":56},"end":{"line":7,"column":58}}],"line":7},"1":{"loc":{"start":{"line":8,"column":37},"end":{"line":8,"column":58}},"type":"cond-expr","locations":[{"start":{"line":8,"column":47},"end":{"line":8,"column":49}},{"start":{"line":8,"column":52},"end":{"line":8,"column":58}}],"line":8}},"s":{"0":0,"1":0,"2":0,"3":0,"4":0,"5":0,"6":0,"7":0,"8":0,"9":0},"f":{"0":0,"1":0,"2":0},"b":{"0":[0,0],"1":[0,0]}}
,"/Users/miguelgarciagonzalez/FULLSTACKOPEN/fullstackopen/part5/blogs_fe/src/services/blogs.js": {"path":"/Users/miguelgarciagonzalez/FULLSTACKOPEN/fullstackopen/part5/blogs_fe/src/services/blogs.js","statementMap":{"0":{"start":{"line":2,"column":16},"end":{"line":2,"column":28}},"1":{"start":{"line":4,"column":12},"end":{"line":4,"column":16}},"2":{"start":{"line":6,"column":17},"end":{"line":8,"column":1}},"3":{"start":{"line":7,"column":2},"end":{"line":7,"column":30}},"4":{"start":{"line":10,"column":15},"end":{"line":13,"column":1}},"5":{"start":{"line":11,"column":19},"end":{"line":11,"column":43}},"6":{"start":{"line":12,"column":2},"end":{"line":12,"column":22}},"7":{"start":{"line":15,"column":15},"end":{"line":23,"column":1}},"8":{"start":{"line":17,"column":17},"end":{"line":19,"column":3}},"9":{"start":{"line":21,"column":19},"end":{"line":21,"column":63}},"10":{"start":{"line":22,"column":2},"end":{"line":22,"column":22}},"11":{"start":{"line":25,"column":15},"end":{"line":28,"column":1}},"12":{"start":{"line":26,"column":19},"end":{"line":26,"column":54}},"13":{"start":{"line":27,"column":2},"end":{"line":27,"column":22}},"14":{"start":{"line":30,"column":15},"end":{"line":33,"column":1}},"15":{"start":{"line":31,"column":19},"end":{"line":31,"column":65}},"16":{"start":{"line":32,"column":2},"end":{"line":32,"column":22}},"17":{"start":{"line":35,"column":15},"end":{"line":42,"column":1}},"18":{"start":{"line":36,"column":17},"end":{"line":38,"column":3}},"19":{"start":{"line":40,"column":19},"end":{"line":40,"column":65}},"20":{"start":{"line":41,"column":2},"end":{"line":41,"column":22}}},"fnMap":{"0":{"name":"(anonymous_0)","decl":{"start":{"line":6,"column":17},"end":{"line":6,"column":18}},"loc":{"start":{"line":6,"column":29},"end":{"line":8,"column":1}},"line":6},"1":{"name":"(anonymous_1)","decl":{"start":{"line":10,"column":15},"end":{"line":10,"column":16}},"loc":{"start":{"line":10,"column":27},"end":{"line":13,"column":1}},"line":10},"2":{"name":"(anonymous_2)","decl":{"start":{"line":15,"column":15},"end":{"line":15,"column":16}},"loc":{"start":{"line":15,"column":34},"end":{"line":23,"column":1}},"line":15},"3":{"name":"(anonymous_3)","decl":{"start":{"line":25,"column":15},"end":{"line":25,"column":16}},"loc":{"start":{"line":25,"column":29},"end":{"line":28,"column":1}},"line":25},"4":{"name":"(anonymous_4)","decl":{"start":{"line":30,"column":15},"end":{"line":30,"column":16}},"loc":{"start":{"line":30,"column":40},"end":{"line":33,"column":1}},"line":30},"5":{"name":"(anonymous_5)","decl":{"start":{"line":35,"column":15},"end":{"line":35,"column":16}},"loc":{"start":{"line":35,"column":29},"end":{"line":42,"column":1}},"line":35}},"branchMap":{},"s":{"0":0,"1":0,"2":0,"3":0,"4":0,"5":0,"6":0,"7":0,"8":0,"9":0,"10":0,"11":0,"12":0,"13":0,"14":0,"15":0,"16":0,"17":0,"18":0,"19":0,"20":0},"f":{"0":0,"1":0,"2":0,"3":0,"4":0,"5":0},"b":{}}
,"/Users/miguelgarciagonzalez/FULLSTACKOPEN/fullstackopen/part5/blogs_fe/src/services/login.js": {"path":"/Users/miguelgarciagonzalez/FULLSTACKOPEN/fullstackopen/part5/blogs_fe/src/services/login.js","statementMap":{"0":{"start":{"line":2,"column":16},"end":{"line":2,"column":28}},"1":{"start":{"line":4,"column":14},"end":{"line":11,"column":1}},"2":{"start":{"line":5,"column":19},"end":{"line":5,"column":57}},"3":{"start":{"line":7,"column":2},"end":{"line":7,"column":36}},"4":{"start":{"line":8,"column":2},"end":{"line":8,"column":46}},"5":{"start":{"line":10,"column":2},"end":{"line":10,"column":22}}},"fnMap":{"0":{"name":"(anonymous_0)","decl":{"start":{"line":4,"column":14},"end":{"line":4,"column":15}},"loc":{"start":{"line":4,"column":35},"end":{"line":11,"column":1}},"line":4}},"branchMap":{},"s":{"0":0,"1":0,"2":0,"3":0,"4":0,"5":0},"f":{"0":0},"b":{}}
}
